{"C:\\Users\\29864\\Desktop\\qxc\\serial-assistant\\src\\stores\\settings.ts": {"path":"C:\\Users\\29864\\Desktop\\qxc\\serial-assistant\\src\\stores\\settings.ts","statementMap":{"0":{"start":{"line":28,"column":38},"end":{"line":41,"column":null}},"1":{"start":{"line":43,"column":13},"end":{"line":198,"column":null}},"2":{"start":{"line":44,"column":8},"end":{"line":44,"column":94}},"3":{"start":{"line":45,"column":8},"end":{"line":45,"column":30}},"4":{"start":{"line":46,"column":8},"end":{"line":46,"column":33}},"5":{"start":{"line":47,"column":45},"end":{"line":47,"column":null}},"6":{"start":{"line":48,"column":70},"end":{"line":48,"column":null}},"7":{"start":{"line":50,"column":8},"end":{"line":57,"column":null}},"8":{"start":{"line":51,"column":17},"end":{"line":51,"column":null}},"9":{"start":{"line":52,"column":4},"end":{"line":52,"column":null}},"10":{"start":{"line":53,"column":4},"end":{"line":57,"column":null}},"11":{"start":{"line":54,"column":26},"end":{"line":54,"column":null}},"12":{"start":{"line":55,"column":6},"end":{"line":55,"column":null}},"13":{"start":{"line":57,"column":6},"end":{"line":57,"column":null}},"14":{"start":{"line":61,"column":2},"end":{"line":63,"column":null}},"15":{"start":{"line":61,"column":14},"end":{"line":61,"column":40}},"16":{"start":{"line":62,"column":4},"end":{"line":62,"column":null}},"17":{"start":{"line":65,"column":8},"end":{"line":73,"column":null}},"18":{"start":{"line":66,"column":4},"end":{"line":66,"column":null}},"19":{"start":{"line":66,"column":23},"end":{"line":66,"column":null}},"20":{"start":{"line":67,"column":4},"end":{"line":67,"column":null}},"21":{"start":{"line":68,"column":4},"end":{"line":70,"column":null}},"22":{"start":{"line":69,"column":6},"end":{"line":70,"column":null}},"23":{"start":{"line":70,"column":8},"end":{"line":70,"column":null}},"24":{"start":{"line":73,"column":4},"end":{"line":73,"column":null}},"25":{"start":{"line":76,"column":8},"end":{"line":80,"column":null}},"26":{"start":{"line":77,"column":4},"end":{"line":80,"column":null}},"27":{"start":{"line":78,"column":6},"end":{"line":78,"column":null}},"28":{"start":{"line":79,"column":6},"end":{"line":79,"column":null}},"29":{"start":{"line":80,"column":6},"end":{"line":80,"column":null}},"30":{"start":{"line":84,"column":2},"end":{"line":87,"column":null}},"31":{"start":{"line":85,"column":4},"end":{"line":85,"column":null}},"32":{"start":{"line":86,"column":4},"end":{"line":86,"column":null}},"33":{"start":{"line":89,"column":2},"end":{"line":91,"column":null}},"34":{"start":{"line":90,"column":4},"end":{"line":90,"column":null}},"35":{"start":{"line":93,"column":8},"end":{"line":98,"column":null}},"36":{"start":{"line":94,"column":4},"end":{"line":94,"column":null}},"37":{"start":{"line":95,"column":4},"end":{"line":95,"column":null}},"38":{"start":{"line":96,"column":4},"end":{"line":98,"column":null}},"39":{"start":{"line":97,"column":6},"end":{"line":97,"column":null}},"40":{"start":{"line":101,"column":8},"end":{"line":103,"column":null}},"41":{"start":{"line":102,"column":4},"end":{"line":102,"column":null}},"42":{"start":{"line":103,"column":4},"end":{"line":103,"column":null}},"43":{"start":{"line":106,"column":8},"end":{"line":107,"column":null}},"44":{"start":{"line":107,"column":4},"end":{"line":107,"column":null}},"45":{"start":{"line":110,"column":8},"end":{"line":121,"column":null}},"46":{"start":{"line":111,"column":20},"end":{"line":111,"column":34}},"47":{"start":{"line":112,"column":17},"end":{"line":112,"column":80}},"48":{"start":{"line":113,"column":16},"end":{"line":113,"column":41}},"49":{"start":{"line":114,"column":17},"end":{"line":114,"column":44}},"50":{"start":{"line":115,"column":4},"end":{"line":115,"column":null}},"51":{"start":{"line":116,"column":4},"end":{"line":116,"column":null}},"52":{"start":{"line":117,"column":4},"end":{"line":117,"column":null}},"53":{"start":{"line":118,"column":4},"end":{"line":118,"column":null}},"54":{"start":{"line":119,"column":4},"end":{"line":119,"column":null}},"55":{"start":{"line":120,"column":4},"end":{"line":120,"column":null}},"56":{"start":{"line":121,"column":4},"end":{"line":121,"column":null}},"57":{"start":{"line":124,"column":8},"end":{"line":133,"column":null}},"58":{"start":{"line":125,"column":4},"end":{"line":133,"column":null}},"59":{"start":{"line":126,"column":21},"end":{"line":126,"column":40}},"60":{"start":{"line":127,"column":6},"end":{"line":127,"column":null}},"61":{"start":{"line":127,"column":49},"end":{"line":127,"column":null}},"62":{"start":{"line":128,"column":6},"end":{"line":128,"column":null}},"63":{"start":{"line":129,"column":6},"end":{"line":129,"column":null}},"64":{"start":{"line":130,"column":6},"end":{"line":130,"column":null}},"65":{"start":{"line":132,"column":6},"end":{"line":132,"column":null}},"66":{"start":{"line":133,"column":6},"end":{"line":133,"column":null}},"67":{"start":{"line":137,"column":8},"end":{"line":183,"column":null}},"68":{"start":{"line":139,"column":28},"end":{"line":152,"column":null}},"69":{"start":{"line":154,"column":4},"end":{"line":154,"column":null}},"70":{"start":{"line":155,"column":4},"end":{"line":155,"column":null}},"71":{"start":{"line":159,"column":4},"end":{"line":159,"column":null}},"72":{"start":{"line":160,"column":4},"end":{"line":160,"column":null}},"73":{"start":{"line":161,"column":4},"end":{"line":161,"column":null}},"74":{"start":{"line":162,"column":4},"end":{"line":162,"column":null}},"75":{"start":{"line":163,"column":4},"end":{"line":163,"column":null}},"76":{"start":{"line":164,"column":4},"end":{"line":164,"column":null}},"77":{"start":{"line":167,"column":4},"end":{"line":172,"column":null}},"78":{"start":{"line":174,"column":4},"end":{"line":174,"column":null}},"79":{"start":{"line":178,"column":4},"end":{"line":181,"column":null}},"80":{"start":{"line":179,"column":6},"end":{"line":179,"column":null}},"81":{"start":{"line":180,"column":6},"end":{"line":180,"column":null}},"82":{"start":{"line":183,"column":4},"end":{"line":183,"column":null}},"83":{"start":{"line":186,"column":2},"end":{"line":197,"column":null}}},"fnMap":{"0":{"name":"(anonymous_0)","decl":{"start":{"line":43,"column":44},"end":{"line":43,"column":62}},"loc":{"start":{"line":43,"column":62},"end":{"line":198,"column":null}},"line":43},"1":{"name":"(anonymous_1)","decl":{"start":{"line":50,"column":8},"end":{"line":50,"column":27}},"loc":{"start":{"line":50,"column":27},"end":{"line":57,"column":null}},"line":50},"2":{"name":"(anonymous_2)","decl":{"start":{"line":61,"column":2},"end":{"line":61,"column":14}},"loc":{"start":{"line":61,"column":14},"end":{"line":61,"column":40}},"line":61},"3":{"name":"(anonymous_3)","decl":{"start":{"line":61,"column":27},"end":{"line":61,"column":40}},"loc":{"start":{"line":61,"column":40},"end":{"line":63,"column":7}},"line":61},"4":{"name":"(anonymous_4)","decl":{"start":{"line":65,"column":8},"end":{"line":65,"column":40}},"loc":{"start":{"line":65,"column":40},"end":{"line":73,"column":null}},"line":65},"5":{"name":"(anonymous_5)","decl":{"start":{"line":68,"column":4},"end":{"line":68,"column":31}},"loc":{"start":{"line":68,"column":31},"end":{"line":70,"column":null}},"line":68},"6":{"name":"(anonymous_6)","decl":{"start":{"line":76,"column":8},"end":{"line":76,"column":44}},"loc":{"start":{"line":76,"column":44},"end":{"line":80,"column":null}},"line":76},"7":{"name":"(anonymous_7)","decl":{"start":{"line":84,"column":2},"end":{"line":84,"column":18}},"loc":{"start":{"line":84,"column":18},"end":{"line":87,"column":null}},"line":84},"8":{"name":"(anonymous_8)","decl":{"start":{"line":89,"column":2},"end":{"line":89,"column":20}},"loc":{"start":{"line":89,"column":20},"end":{"line":91,"column":null}},"line":89},"9":{"name":"(anonymous_9)","decl":{"start":{"line":93,"column":8},"end":{"line":93,"column":21}},"loc":{"start":{"line":93,"column":37},"end":{"line":98,"column":null}},"line":93},"10":{"name":"(anonymous_10)","decl":{"start":{"line":96,"column":4},"end":{"line":96,"column":21}},"loc":{"start":{"line":96,"column":21},"end":{"line":98,"column":12}},"line":96},"11":{"name":"(anonymous_11)","decl":{"start":{"line":101,"column":8},"end":{"line":101,"column":31}},"loc":{"start":{"line":101,"column":31},"end":{"line":103,"column":null}},"line":101},"12":{"name":"(anonymous_12)","decl":{"start":{"line":106,"column":8},"end":{"line":106,"column":37}},"loc":{"start":{"line":106,"column":37},"end":{"line":107,"column":null}},"line":106},"13":{"name":"(anonymous_13)","decl":{"start":{"line":110,"column":8},"end":{"line":110,"column":31}},"loc":{"start":{"line":110,"column":31},"end":{"line":121,"column":null}},"line":110},"14":{"name":"(anonymous_14)","decl":{"start":{"line":124,"column":8},"end":{"line":124,"column":24}},"loc":{"start":{"line":124,"column":53},"end":{"line":133,"column":null}},"line":124},"15":{"name":"(anonymous_15)","decl":{"start":{"line":137,"column":8},"end":{"line":137,"column":29}},"loc":{"start":{"line":137,"column":29},"end":{"line":183,"column":null}},"line":137},"16":{"name":"(anonymous_16)","decl":{"start":{"line":178,"column":4},"end":{"line":178,"column":21}},"loc":{"start":{"line":178,"column":21},"end":{"line":181,"column":10}},"line":178}},"branchMap":{"0":{"loc":{"start":{"line":53,"column":4},"end":{"line":57,"column":null}},"type":"if","locations":[{"start":{"line":53,"column":4},"end":{"line":57,"column":null}},{"start":{"line":56,"column":11},"end":{"line":57,"column":null}}],"line":53},"1":{"loc":{"start":{"line":54,"column":26},"end":{"line":54,"column":null}},"type":"cond-expr","locations":[{"start":{"line":54,"column":86},"end":{"line":54,"column":95}},{"start":{"line":54,"column":95},"end":{"line":54,"column":null}}],"line":54},"2":{"loc":{"start":{"line":66,"column":4},"end":{"line":66,"column":null}},"type":"if","locations":[{"start":{"line":66,"column":4},"end":{"line":66,"column":null}},{"start":{},"end":{}}],"line":66},"3":{"loc":{"start":{"line":69,"column":6},"end":{"line":70,"column":null}},"type":"if","locations":[{"start":{"line":69,"column":6},"end":{"line":70,"column":null}},{"start":{},"end":{}}],"line":69},"4":{"loc":{"start":{"line":77,"column":4},"end":{"line":80,"column":null}},"type":"if","locations":[{"start":{"line":77,"column":4},"end":{"line":80,"column":null}},{"start":{},"end":{}}],"line":77},"5":{"loc":{"start":{"line":77,"column":8},"end":{"line":77,"column":45}},"type":"binary-expr","locations":[{"start":{"line":77,"column":8},"end":{"line":77,"column":25}},{"start":{"line":77,"column":25},"end":{"line":77,"column":45}}],"line":77},"6":{"loc":{"start":{"line":127,"column":6},"end":{"line":127,"column":null}},"type":"if","locations":[{"start":{"line":127,"column":6},"end":{"line":127,"column":null}},{"start":{},"end":{}}],"line":127},"7":{"loc":{"start":{"line":127,"column":10},"end":{"line":127,"column":49}},"type":"binary-expr","locations":[{"start":{"line":127,"column":10},"end":{"line":127,"column":21}},{"start":{"line":127,"column":21},"end":{"line":127,"column":49}}],"line":127}},"s":{"0":1,"1":1,"2":4,"3":4,"4":4,"5":4,"6":4,"7":4,"8":9,"9":9,"10":9,"11":4,"12":4,"13":5,"14":4,"15":13,"16":9,"17":4,"18":0,"19":0,"20":0,"21":0,"22":0,"23":0,"24":0,"25":4,"26":0,"27":0,"28":0,"29":0,"30":4,"31":0,"32":0,"33":4,"34":0,"35":4,"36":1,"37":1,"38":1,"39":0,"40":4,"41":0,"42":0,"43":4,"44":0,"45":4,"46":0,"47":0,"48":0,"49":0,"50":0,"51":0,"52":0,"53":0,"54":0,"55":0,"56":0,"57":4,"58":0,"59":0,"60":0,"61":0,"62":0,"63":0,"64":0,"65":0,"66":0,"67":4,"68":1,"69":1,"70":1,"71":1,"72":1,"73":1,"74":1,"75":1,"76":1,"77":1,"78":1,"79":1,"80":0,"81":0,"82":1,"83":4},"f":{"0":4,"1":9,"2":13,"3":9,"4":0,"5":0,"6":0,"7":0,"8":0,"9":1,"10":0,"11":0,"12":0,"13":0,"14":0,"15":1,"16":0},"b":{"0":[4,5],"1":[0,4],"2":[0,0],"3":[0,0],"4":[0,0],"5":[0,0],"6":[0,0],"7":[0,0]},"meta":{"lastBranch":8,"lastFunction":17,"lastStatement":84,"seen":{"s:28:38:41:Infinity":0,"s:43:13:198:Infinity":1,"f:43:44:43:62":0,"s:44:8:44:94":2,"s:45:8:45:30":3,"s:46:8:46:33":4,"s:47:45:47:Infinity":5,"s:48:70:48:Infinity":6,"s:50:8:57:Infinity":7,"f:50:8:50:27":1,"s:51:17:51:Infinity":8,"s:52:4:52:Infinity":9,"b:53:4:57:Infinity:56:11:57:Infinity":0,"s:53:4:57:Infinity":10,"s:54:26:54:Infinity":11,"b:54:86:54:95:54:95:54:Infinity":1,"s:55:6:55:Infinity":12,"s:57:6:57:Infinity":13,"s:61:2:63:Infinity":14,"f:61:2:61:14":2,"s:61:14:61:40":15,"f:61:27:61:40":3,"s:62:4:62:Infinity":16,"s:65:8:73:Infinity":17,"f:65:8:65:40":4,"b:66:4:66:Infinity:undefined:undefined:undefined:undefined":2,"s:66:4:66:Infinity":18,"s:66:23:66:Infinity":19,"s:67:4:67:Infinity":20,"s:68:4:70:Infinity":21,"f:68:4:68:31":5,"b:69:6:70:Infinity:undefined:undefined:undefined:undefined":3,"s:69:6:70:Infinity":22,"s:70:8:70:Infinity":23,"s:73:4:73:Infinity":24,"s:76:8:80:Infinity":25,"f:76:8:76:44":6,"b:77:4:80:Infinity:undefined:undefined:undefined:undefined":4,"s:77:4:80:Infinity":26,"b:77:8:77:25:77:25:77:45":5,"s:78:6:78:Infinity":27,"s:79:6:79:Infinity":28,"s:80:6:80:Infinity":29,"s:84:2:87:Infinity":30,"f:84:2:84:18":7,"s:85:4:85:Infinity":31,"s:86:4:86:Infinity":32,"s:89:2:91:Infinity":33,"f:89:2:89:20":8,"s:90:4:90:Infinity":34,"s:93:8:98:Infinity":35,"f:93:8:93:21":9,"s:94:4:94:Infinity":36,"s:95:4:95:Infinity":37,"s:96:4:98:Infinity":38,"f:96:4:96:21":10,"s:97:6:97:Infinity":39,"s:101:8:103:Infinity":40,"f:101:8:101:31":11,"s:102:4:102:Infinity":41,"s:103:4:103:Infinity":42,"s:106:8:107:Infinity":43,"f:106:8:106:37":12,"s:107:4:107:Infinity":44,"s:110:8:121:Infinity":45,"f:110:8:110:31":13,"s:111:20:111:34":46,"s:112:17:112:80":47,"s:113:16:113:41":48,"s:114:17:114:44":49,"s:115:4:115:Infinity":50,"s:116:4:116:Infinity":51,"s:117:4:117:Infinity":52,"s:118:4:118:Infinity":53,"s:119:4:119:Infinity":54,"s:120:4:120:Infinity":55,"s:121:4:121:Infinity":56,"s:124:8:133:Infinity":57,"f:124:8:124:24":14,"s:125:4:133:Infinity":58,"s:126:21:126:40":59,"b:127:6:127:Infinity:undefined:undefined:undefined:undefined":6,"s:127:6:127:Infinity":60,"b:127:10:127:21:127:21:127:49":7,"s:127:49:127:Infinity":61,"s:128:6:128:Infinity":62,"s:129:6:129:Infinity":63,"s:130:6:130:Infinity":64,"s:132:6:132:Infinity":65,"s:133:6:133:Infinity":66,"s:137:8:183:Infinity":67,"f:137:8:137:29":15,"s:139:28:152:Infinity":68,"s:154:4:154:Infinity":69,"s:155:4:155:Infinity":70,"s:159:4:159:Infinity":71,"s:160:4:160:Infinity":72,"s:161:4:161:Infinity":73,"s:162:4:162:Infinity":74,"s:163:4:163:Infinity":75,"s:164:4:164:Infinity":76,"s:167:4:172:Infinity":77,"s:174:4:174:Infinity":78,"s:178:4:181:Infinity":79,"f:178:4:178:21":16,"s:179:6:179:Infinity":80,"s:180:6:180:Infinity":81,"s:183:4:183:Infinity":82,"s:186:2:197:Infinity":83}}}
}
